# JRE version: Java(TM) SE Runtime Environment (8.0_202-b08) (build 1.8.0_202-b08)
# Java VM: Java HotSpot(TM) 64-Bit Server VM (25.202-b08 mixed mode linux-amd64 compressed oops)
Heap:
 PSYoungGen      total 1084928K, used 2656K [0x000000076ed80000, 0x00000007b4900000, 0x00000007c0000000)
  eden space 1027584K, 0% used [0x000000076ed80000,0x000000076ed80000,0x00000007ad900000)
  from space 57344K, 4% used [0x00000007ad900000,0x00000007adb98000,0x00000007b1100000)
  to   space 47616K, 0% used [0x00000007b1a80000,0x00000007b1a80000,0x00000007b4900000)
 ParOldGen       total 321536K, used 262336K [0x00000006cc800000, 0x00000006e0200000, 0x000000076ed80000)
  object space 321536K, 81% used [0x00000006cc800000,0x00000006dc830338,0x00000006e0200000)
 Metaspace       used 84792K, capacity 85670K, committed 86164K, reserved 1118208K
  class space    used 16192K, capacity 16509K, committed 16532K, reserved 1048576K
GC Heap History (10 events):
Event: 27.585 GC heap after
Heap after GC invocations=27 (full 5):
 PSYoungGen      total 719872K, used 21801K [0x000000076ed80000, 0x000000079f480000, 0x00000007c0000000)
  eden space 653312K, 0% used [0x000000076ed80000,0x000000076ed80000,0x0000000796b80000)
  from space 66560K, 32% used [0x000000079b380000,0x000000079c8ca430,0x000000079f480000)
  to   space 70144K, 0% used [0x0000000796b80000,0x0000000796b80000,0x000000079b000000)
 ParOldGen       total 321536K, used 242076K [0x00000006cc800000, 0x00000006e0200000, 0x000000076ed80000)
  object space 321536K, 75% used [0x00000006cc800000,0x00000006db4670e0,0x00000006e0200000)
 Metaspace       used 84707K, capacity 85542K, committed 85908K, reserved 1118208K
  class space    used 16192K, capacity 16509K, committed 16532K, reserved 1048576K
}
Event: 28.796 GC heap before
{Heap before GC invocations=28 (full 5):
 PSYoungGen      total 719872K, used 675113K [0x000000076ed80000, 0x000000079f480000, 0x00000007c0000000)
  eden space 653312K, 100% used [0x000000076ed80000,0x0000000796b80000,0x0000000796b80000)
  from space 66560K, 32% used [0x000000079b380000,0x000000079c8ca430,0x000000079f480000)
  to   space 70144K, 0% used [0x0000000796b80000,0x0000000796b80000,0x000000079b000000)
 ParOldGen       total 321536K, used 242076K [0x00000006cc800000, 0x00000006e0200000, 0x000000076ed80000)
  object space 321536K, 75% used [0x00000006cc800000,0x00000006db4670e0,0x00000006e0200000)
 Metaspace       used 84788K, capacity 85670K, committed 86164K, reserved 1118208K
  class space    used 16192K, capacity 16509K, committed 16532K, reserved 1048576K
Event: 28.836 GC heap after
Heap after GC invocations=28 (full 5):
 PSYoungGen      total 723456K, used 23681K [0x000000076ed80000, 0x00000007a5c80000, 0x00000007c0000000)
  eden space 653312K, 0% used [0x000000076ed80000,0x000000076ed80000,0x0000000796b80000)
  from space 70144K, 33% used [0x0000000796b80000,0x00000007982a07e8,0x000000079b000000)
  to   space 65536K, 0% used [0x00000007a1c80000,0x00000007a1c80000,0x00000007a5c80000)
 ParOldGen       total 321536K, used 242084K [0x00000006cc800000, 0x00000006e0200000, 0x000000076ed80000)
  object space 321536K, 75% used [0x00000006cc800000,0x00000006db4690e0,0x00000006e0200000)
 Metaspace       used 84788K, capacity 85670K, committed 86164K, reserved 1118208K
  class space    used 16192K, capacity 16509K, committed 16532K, reserved 1048576K
}
Event: 29.389 GC heap before
{Heap before GC invocations=29 (full 5):
 PSYoungGen      total 723456K, used 676993K [0x000000076ed80000, 0x00000007a5c80000, 0x00000007c0000000)
  eden space 653312K, 100% used [0x000000076ed80000,0x0000000796b80000,0x0000000796b80000)
  from space 70144K, 33% used [0x0000000796b80000,0x00000007982a07e8,0x000000079b000000)
  to   space 65536K, 0% used [0x00000007a1c80000,0x00000007a1c80000,0x00000007a5c80000)
 ParOldGen       total 321536K, used 242084K [0x00000006cc800000, 0x00000006e0200000, 0x000000076ed80000)
  object space 321536K, 75% used [0x00000006cc800000,0x00000006db4690e0,0x00000006e0200000)
 Metaspace       used 84792K, capacity 85670K, committed 86164K, reserved 1118208K
  class space    used 16192K, capacity 16509K, committed 16532K, reserved 1048576K
Event: 29.410 GC heap after
Heap after GC invocations=29 (full 5):
 PSYoungGen      total 838656K, used 23201K [0x000000076ed80000, 0x00000007a5d00000, 0x00000007c0000000)
  eden space 773120K, 0% used [0x000000076ed80000,0x000000076ed80000,0x000000079e080000)
  from space 65536K, 35% used [0x00000007a1c80000,0x00000007a33287e8,0x00000007a5c80000)
  to   space 61440K, 0% used [0x000000079e080000,0x000000079e080000,0x00000007a1c80000)
 ParOldGen       total 321536K, used 242092K [0x00000006cc800000, 0x00000006e0200000, 0x000000076ed80000)
  object space 321536K, 75% used [0x00000006cc800000,0x00000006db46b0e0,0x00000006e0200000)
 Metaspace       used 84792K, capacity 85670K, committed 86164K, reserved 1118208K
  class space    used 16192K, capacity 16509K, committed 16532K, reserved 1048576K
}
Event: 30.117 GC heap before
{Heap before GC invocations=30 (full 5):
 PSYoungGen      total 838656K, used 796321K [0x000000076ed80000, 0x00000007a5d00000, 0x00000007c0000000)
  eden space 773120K, 100% used [0x000000076ed80000,0x000000079e080000,0x000000079e080000)
  from space 65536K, 35% used [0x00000007a1c80000,0x00000007a33287e8,0x00000007a5c80000)
  to   space 61440K, 0% used [0x000000079e080000,0x000000079e080000,0x00000007a1c80000)
 ParOldGen       total 321536K, used 242092K [0x00000006cc800000, 0x00000006e0200000, 0x000000076ed80000)
  object space 321536K, 75% used [0x00000006cc800000,0x00000006db46b0e0,0x00000006e0200000)
 Metaspace       used 84792K, capacity 85670K, committed 86164K, reserved 1118208K
  class space    used 16192K, capacity 16509K, committed 16532K, reserved 1048576K
Event: 31.242 GC heap after
Heap after GC invocations=30 (full 5):
 PSYoungGen      total 834560K, used 22344K [0x000000076ed80000, 0x00000007b5300000, 0x00000007c0000000)
  eden space 773120K, 0% used [0x000000076ed80000,0x000000076ed80000,0x000000079e080000)
  from space 61440K, 36% used [0x000000079e080000,0x000000079f6523c8,0x00000007a1c80000)
  to   space 57856K, 0% used [0x00000007b1a80000,0x00000007b1a80000,0x00000007b5300000)
 ParOldGen       total 321536K, used 242092K [0x00000006cc800000, 0x00000006e0200000, 0x000000076ed80000)
  object space 321536K, 75% used [0x00000006cc800000,0x00000006db46b0e0,0x00000006e0200000)
 Metaspace       used 84792K, capacity 85670K, committed 86164K, reserved 1118208K
  class space    used 16192K, capacity 16509K, committed 16532K, reserved 1048576K
}
Event: 31.930 GC heap before
{Heap before GC invocations=31 (full 5):
 PSYoungGen      total 834560K, used 795464K [0x000000076ed80000, 0x00000007b5300000, 0x00000007c0000000)
  eden space 773120K, 100% used [0x000000076ed80000,0x000000079e080000,0x000000079e080000)
  from space 61440K, 36% used [0x000000079e080000,0x000000079f6523c8,0x00000007a1c80000)
  to   space 57856K, 0% used [0x00000007b1a80000,0x00000007b1a80000,0x00000007b5300000)
 ParOldGen       total 321536K, used 242092K [0x00000006cc800000, 0x00000006e0200000, 0x000000076ed80000)
  object space 321536K, 75% used [0x00000006cc800000,0x00000006db46b0e0,0x00000006e0200000)
 Metaspace       used 84792K, capacity 85670K, committed 86164K, reserved 1118208K
  class space    used 16192K, capacity 16509K, committed 16532K, reserved 1048576K
Event: 31.960 GC heap after
Heap after GC invocations=31 (full 5):
 PSYoungGen      total 1075200K, used 5976K [0x000000076ed80000, 0x00000007b4900000, 0x00000007c0000000)
  eden space 1027584K, 0% used [0x000000076ed80000,0x000000076ed80000,0x00000007ad900000)
  from space 47616K, 12% used [0x00000007b1a80000,0x00000007b20563b8,0x00000007b4900000)
  to   space 57344K, 0% used [0x00000007ad900000,0x00000007ad900000,0x00000007b1100000)
 ParOldGen       total 321536K, used 258833K [0x00000006cc800000, 0x00000006e0200000, 0x000000076ed80000)
  object space 321536K, 80% used [0x00000006cc800000,0x00000006dc4c4530,0x00000006e0200000)
 Metaspace       used 84792K, capacity 85670K, committed 86164K, reserved 1118208K
  class space    used 16192K, capacity 16509K, committed 16532K, reserved 1048576K
}
Event: 32.909 GC heap before
{Heap before GC invocations=32 (full 5):
 PSYoungGen      total 1075200K, used 1033560K [0x000000076ed80000, 0x00000007b4900000, 0x00000007c0000000)
  eden space 1027584K, 100% used [0x000000076ed80000,0x00000007ad900000,0x00000007ad900000)
  from space 47616K, 12% used [0x00000007b1a80000,0x00000007b20563b8,0x00000007b4900000)
  to   space 57344K, 0% used [0x00000007ad900000,0x00000007ad900000,0x00000007b1100000)
 ParOldGen       total 321536K, used 258833K [0x00000006cc800000, 0x00000006e0200000, 0x000000076ed80000)
  object space 321536K, 80% used [0x00000006cc800000,0x00000006dc4c4530,0x00000006e0200000)
 Metaspace       used 84792K, capacity 85670K, committed 86164K, reserved 1118208K
  class space    used 16192K, capacity 16509K, committed 16532K, reserved 1048576K

