# JRE version: Java(TM) SE Runtime Environment (8.0_202-b08) (build 1.8.0_202-b08)
# Java VM: Java HotSpot(TM) 64-Bit Server VM (25.202-b08 mixed mode linux-amd64 compressed oops)
Heap:
 PSYoungGen      total 517120K, used 75679K [0x000000076ed80000, 0x0000000795a00000, 0x00000007c0000000)
  eden space 428032K, 0% used [0x000000076ed80000,0x000000076ed80000,0x0000000788f80000)
  from space 89088K, 84% used [0x0000000788f80000,0x000000078d967e90,0x000000078e680000)
  to   space 64512K, 0% used [0x000000078e680000,0x000000078e680000,0x0000000792580000)
 ParOldGen       total 181760K, used 98897K [0x00000006cc800000, 0x00000006d7980000, 0x000000076ed80000)
  object space 181760K, 54% used [0x00000006cc800000,0x00000006d28944c8,0x00000006d7980000)
 Metaspace       used 66395K, capacity 67122K, committed 67136K, reserved 1103872K
  class space    used 12151K, capacity 12378K, committed 12392K, reserved 1048576K
GC Heap History (10 events):
Event: 22.339 GC heap after
Heap after GC invocations=14 (full 4):
 PSYoungGen      total 317952K, used 42874K [0x000000076ed80000, 0x0000000785d00000, 0x00000007c0000000)
  eden space 272896K, 0% used [0x000000076ed80000,0x000000076ed80000,0x000000077f800000)
  from space 45056K, 95% used [0x0000000782e00000,0x00000007857de838,0x0000000785a00000)
  to   space 51712K, 0% used [0x000000077f800000,0x000000077f800000,0x0000000782a80000)
 ParOldGen       total 181760K, used 60406K [0x00000006cc800000, 0x00000006d7980000, 0x000000076ed80000)
  object space 181760K, 33% used [0x00000006cc800000,0x00000006d02fd848,0x00000006d7980000)
 Metaspace       used 62166K, capacity 62786K, committed 62936K, reserved 1101824K
  class space    used 11229K, capacity 11448K, committed 11520K, reserved 1048576K
}
Event: 31.483 GC heap before
{Heap before GC invocations=15 (full 4):
 PSYoungGen      total 317952K, used 315770K [0x000000076ed80000, 0x0000000785d00000, 0x00000007c0000000)
  eden space 272896K, 100% used [0x000000076ed80000,0x000000077f800000,0x000000077f800000)
  from space 45056K, 95% used [0x0000000782e00000,0x00000007857de838,0x0000000785a00000)
  to   space 51712K, 0% used [0x000000077f800000,0x000000077f800000,0x0000000782a80000)
 ParOldGen       total 181760K, used 60406K [0x00000006cc800000, 0x00000006d7980000, 0x000000076ed80000)
  object space 181760K, 33% used [0x00000006cc800000,0x00000006d02fd848,0x00000006d7980000)
 Metaspace       used 62346K, capacity 62914K, committed 63192K, reserved 1101824K
  class space    used 11229K, capacity 11448K, committed 11520K, reserved 1048576K
Event: 31.545 GC heap after
Heap after GC invocations=15 (full 4):
 PSYoungGen      total 324608K, used 40643K [0x000000076ed80000, 0x0000000789a00000, 0x00000007c0000000)
  eden space 272896K, 0% used [0x000000076ed80000,0x000000076ed80000,0x000000077f800000)
  from space 51712K, 78% used [0x000000077f800000,0x0000000781fb0d88,0x0000000782a80000)
  to   space 56320K, 0% used [0x0000000786300000,0x0000000786300000,0x0000000789a00000)
 ParOldGen       total 181760K, used 60414K [0x00000006cc800000, 0x00000006d7980000, 0x000000076ed80000)
  object space 181760K, 33% used [0x00000006cc800000,0x00000006d02ff848,0x00000006d7980000)
 Metaspace       used 62346K, capacity 62914K, committed 63192K, reserved 1101824K
  class space    used 11229K, capacity 11448K, committed 11520K, reserved 1048576K
}
Event: 32.642 GC heap before
{Heap before GC invocations=16 (full 4):
 PSYoungGen      total 324608K, used 313539K [0x000000076ed80000, 0x0000000789a00000, 0x00000007c0000000)
  eden space 272896K, 100% used [0x000000076ed80000,0x000000077f800000,0x000000077f800000)
  from space 51712K, 78% used [0x000000077f800000,0x0000000781fb0d88,0x0000000782a80000)
  to   space 56320K, 0% used [0x0000000786300000,0x0000000786300000,0x0000000789a00000)
 ParOldGen       total 181760K, used 60414K [0x00000006cc800000, 0x00000006d7980000, 0x000000076ed80000)
  object space 181760K, 33% used [0x00000006cc800000,0x00000006d02ff848,0x00000006d7980000)
 Metaspace       used 62458K, capacity 63042K, committed 63192K, reserved 1101824K
  class space    used 11229K, capacity 11448K, committed 11520K, reserved 1048576K
Event: 32.863 GC heap after
Heap after GC invocations=16 (full 4):
 PSYoungGen      total 378368K, used 41453K [0x000000076ed80000, 0x000000078da80000, 0x00000007c0000000)
  eden space 322048K, 0% used [0x000000076ed80000,0x000000076ed80000,0x0000000782800000)
  from space 56320K, 73% used [0x0000000786300000,0x0000000788b7b6d8,0x0000000789a00000)
  to   space 60416K, 0% used [0x0000000782800000,0x0000000782800000,0x0000000786300000)
 ParOldGen       total 181760K, used 60422K [0x00000006cc800000, 0x00000006d7980000, 0x000000076ed80000)
  object space 181760K, 33% used [0x00000006cc800000,0x00000006d0301848,0x00000006d7980000)
 Metaspace       used 62458K, capacity 63042K, committed 63192K, reserved 1101824K
  class space    used 11229K, capacity 11448K, committed 11520K, reserved 1048576K
}
Event: 34.071 GC heap before
{Heap before GC invocations=17 (full 4):
 PSYoungGen      total 378368K, used 363501K [0x000000076ed80000, 0x000000078da80000, 0x00000007c0000000)
  eden space 322048K, 100% used [0x000000076ed80000,0x0000000782800000,0x0000000782800000)
  from space 56320K, 73% used [0x0000000786300000,0x0000000788b7b6d8,0x0000000789a00000)
  to   space 60416K, 0% used [0x0000000782800000,0x0000000782800000,0x0000000786300000)
 ParOldGen       total 181760K, used 60422K [0x00000006cc800000, 0x00000006d7980000, 0x000000076ed80000)
  object space 181760K, 33% used [0x00000006cc800000,0x00000006d0301848,0x00000006d7980000)
 Metaspace       used 62529K, capacity 63106K, committed 63192K, reserved 1101824K
  class space    used 11229K, capacity 11448K, committed 11520K, reserved 1048576K
Event: 34.131 GC heap after
Heap after GC invocations=17 (full 4):
 PSYoungGen      total 382464K, used 43360K [0x000000076ed80000, 0x0000000792580000, 0x00000007c0000000)
  eden space 322048K, 0% used [0x000000076ed80000,0x000000076ed80000,0x0000000782800000)
  from space 60416K, 71% used [0x0000000782800000,0x00000007852582f0,0x0000000786300000)
  to   space 64512K, 0% used [0x000000078e680000,0x000000078e680000,0x0000000792580000)
 ParOldGen       total 181760K, used 60430K [0x00000006cc800000, 0x00000006d7980000, 0x000000076ed80000)
  object space 181760K, 33% used [0x00000006cc800000,0x00000006d0303848,0x00000006d7980000)
 Metaspace       used 62529K, capacity 63106K, committed 63192K, reserved 1101824K
  class space    used 11229K, capacity 11448K, committed 11520K, reserved 1048576K
}
Event: 37.040 GC heap before
{Heap before GC invocations=18 (full 4):
 PSYoungGen      total 382464K, used 365408K [0x000000076ed80000, 0x0000000792580000, 0x00000007c0000000)
  eden space 322048K, 100% used [0x000000076ed80000,0x0000000782800000,0x0000000782800000)
  from space 60416K, 71% used [0x0000000782800000,0x00000007852582f0,0x0000000786300000)
  to   space 64512K, 0% used [0x000000078e680000,0x000000078e680000,0x0000000792580000)
 ParOldGen       total 181760K, used 60430K [0x00000006cc800000, 0x00000006d7980000, 0x000000076ed80000)
  object space 181760K, 33% used [0x00000006cc800000,0x00000006d0303848,0x00000006d7980000)
 Metaspace       used 64670K, capacity 65362K, committed 65496K, reserved 1103872K
  class space    used 11743K, capacity 11962K, committed 12032K, reserved 1048576K
Event: 37.284 GC heap after
Heap after GC invocations=18 (full 4):
 PSYoungGen      total 492544K, used 64486K [0x000000076ed80000, 0x0000000795a00000, 0x00000007c0000000)
  eden space 428032K, 0% used [0x000000076ed80000,0x000000076ed80000,0x0000000788f80000)
  from space 64512K, 99% used [0x000000078e680000,0x0000000792579998,0x0000000792580000)
  to   space 89088K, 0% used [0x0000000788f80000,0x0000000788f80000,0x000000078e680000)
 ParOldGen       total 181760K, used 98889K [0x00000006cc800000, 0x00000006d7980000, 0x000000076ed80000)
  object space 181760K, 54% used [0x00000006cc800000,0x00000006d28924c8,0x00000006d7980000)
 Metaspace       used 64670K, capacity 65362K, committed 65496K, reserved 1103872K
  class space    used 11743K, capacity 11962K, committed 12032K, reserved 1048576K
}
Event: 46.906 GC heap before
{Heap before GC invocations=19 (full 4):
 PSYoungGen      total 492544K, used 109824K [0x000000076ed80000, 0x0000000795a00000, 0x00000007c0000000)
  eden space 428032K, 10% used [0x000000076ed80000,0x00000007719c6700,0x0000000788f80000)
  from space 64512K, 99% used [0x000000078e680000,0x0000000792579998,0x0000000792580000)
  to   space 89088K, 0% used [0x0000000788f80000,0x0000000788f80000,0x000000078e680000)
 ParOldGen       total 181760K, used 98889K [0x00000006cc800000, 0x00000006d7980000, 0x000000076ed80000)
  object space 181760K, 54% used [0x00000006cc800000,0x00000006d28924c8,0x00000006d7980000)
 Metaspace       used 66395K, capacity 67122K, committed 67136K, reserved 1103872K
  class space    used 12151K, capacity 12378K, committed 12392K, reserved 1048576K

